[INFO] Scanning for projects...
[INFO] 
[INFO] --------------------< com.etapa_productiva:kronos >---------------------
[INFO] Building kronos 0.0.1-SNAPSHOT
[INFO]   from pom.xml
[INFO] --------------------------------[ jar ]---------------------------------
[INFO] 
[INFO] >>> spring-boot:4.1.0:run (default-cli) > test-compile @ kronos >>>
[INFO] 
[INFO] --- resources:3.5.0:resources (default-resources) @ kronos ---
[INFO] Copying 1 resource from src\main\resources to target\classes
[INFO] Copying 50 resources from src\main\resources to target\classes
[INFO] 
[INFO] --- compiler:3.15.0:compile (default-compile) @ kronos ---
[INFO] Nothing to compile - all classes are up to date.
[INFO] 
[INFO] --- resources:3.5.0:testResources (default-testResources) @ kronos ---
[INFO] skip non existing resourceDirectory C:\Users\Angela Maria O\Videos\KRONOS_APP\kronos\src\test\resources
[INFO] 
[INFO] --- compiler:3.15.0:testCompile (default-testCompile) @ kronos ---
[INFO] Nothing to compile - all classes are up to date.
[INFO] 
[INFO] <<< spring-boot:4.1.0:run (default-cli) < test-compile @ kronos <<<
[INFO] 
[INFO] 
[INFO] --- spring-boot:4.1.0:run (default-cli) @ kronos ---
[INFO] Attaching agents: []

  .   ____          _            __ _ _
 /\\ / ___'_ __ _ _(_)_ __  __ _ \ \ \ \
( ( )\___ | '_ | '_| | '_ \/ _` | \ \ \ \
 \\/  ___)| |_)| | | | | || (_| |  ) ) ) )
  '  |____| .__|_| |_|_| |_\__, | / / / /
 =========|_|==============|___/=/_/_/_/

 :: Spring Boot ::                (v4.1.0)

2026-07-09T08:31:14.654-05:00  INFO 11832 --- [           main] c.e.kronos.KronosApplication             : Starting KronosApplication using Java 25.0.1 with PID 11832 (C:\Users\Angela Maria O\Videos\KRONOS_APP\kronos\target\classes started by Angela Maria O in C:\Users\Angela Maria O\Videos\KRONOS_APP\kronos)
2026-07-09T08:31:14.656-05:00  INFO 11832 --- [           main] c.e.kronos.KronosApplication             : No active profile set, falling back to 1 default profile: "default"
2026-07-09T08:31:15.288-05:00  INFO 11832 --- [           main] .s.d.r.c.RepositoryConfigurationDelegate : Bootstrapping Spring Data JPA repositories in DEFAULT mode.
2026-07-09T08:31:15.435-05:00  INFO 11832 --- [           main] .s.d.r.c.RepositoryConfigurationDelegate : Finished Spring Data repository scanning in 141 ms. Found 39 JPA repository interfaces.
2026-07-09T08:31:15.906-05:00  INFO 11832 --- [           main] o.s.boot.tomcat.TomcatWebServer          : Tomcat initialized with port 8081 (http)
2026-07-09T08:31:15.918-05:00  INFO 11832 --- [           main] o.apache.catalina.core.StandardService   : Starting service [Tomcat]
2026-07-09T08:31:15.918-05:00  INFO 11832 --- [           main] o.apache.catalina.core.StandardEngine    : Starting Servlet engine: [Apache Tomcat/11.0.22]
2026-07-09T08:31:15.972-05:00  INFO 11832 --- [           main] b.w.c.s.WebApplicationContextInitializer : Root WebApplicationContext: initialization completed in 1279 ms
2026-07-09T08:31:16.234-05:00  INFO 11832 --- [           main] org.hibernate.orm.jpa                    : HHH008540: Processing PersistenceUnitInfo [name: default]
2026-07-09T08:31:16.274-05:00  INFO 11832 --- [           main] org.hibernate.orm.core                   : HHH000001: Hibernate ORM core version 7.4.1.Final
2026-07-09T08:31:16.621-05:00  INFO 11832 --- [           main] o.s.o.j.p.SpringPersistenceUnitInfo      : No LoadTimeWeaver setup: ignoring JPA class transformer
2026-07-09T08:31:16.644-05:00  INFO 11832 --- [           main] com.zaxxer.hikari.HikariDataSource       : HikariPool-1 - Starting...
2026-07-09T08:31:16.942-05:00  INFO 11832 --- [           main] com.zaxxer.hikari.pool.HikariPool        : HikariPool-1 - Added connection oracle.jdbc.driver.T4CConnection@1f75fd1d
2026-07-09T08:31:16.944-05:00  INFO 11832 --- [           main] com.zaxxer.hikari.HikariDataSource       : HikariPool-1 - Start completed.
2026-07-09T08:31:17.144-05:00  WARN 11832 --- [           main] org.hibernate.orm.jdbc                   : HHH100123: Low default JDBC fetch size: 10 (consider setting 'hibernate.jdbc.fetch_size')
2026-07-09T08:31:17.150-05:00  INFO 11832 --- [           main] org.hibernate.orm.connections.pooling    : HHH10001005: Database info:
	Database JDBC URL [jdbc:oracle:thin:@//localhost:1521/XEPDB1]
	Database driver: Oracle JDBC driver
	Database dialect: OracleDialect
	Database version: 21.3
	Default catalog/schema: undefined/KRONOS_DEV
	Autocommit mode: undefined/unknown
	Isolation level: READ_COMMITTED [default READ_COMMITTED]
	JDBC fetch size: 10
	Pool: DataSourceConnectionProvider
	Minimum pool size: undefined/unknown
	Maximum pool size: undefined/unknown
2026-07-09T08:31:18.276-05:00  INFO 11832 --- [           main] org.hibernate.orm.core                   : HHH000489: No JTA platform available (set 'hibernate.transaction.jta.platform' to enable JTA platform integration)
2026-07-09T08:31:20.193-05:00  INFO 11832 --- [           main] j.LocalContainerEntityManagerFactoryBean : Initialized JPA EntityManagerFactory for persistence unit 'default'
2026-07-09T08:31:20.253-05:00  INFO 11832 --- [           main] o.s.d.j.r.query.QueryEnhancerFactories   : Hibernate is in classpath; If applicable, HQL parser will be used.
2026-07-09T08:31:21.550-05:00  WARN 11832 --- [           main] JpaBaseConfiguration$JpaWebConfiguration : spring.jpa.open-in-view is enabled by default. Therefore, database queries may be performed during view rendering. Explicitly configure spring.jpa.open-in-view to disable this warning
2026-07-09T08:31:21.611-05:00  INFO 11832 --- [           main] r$InitializeUserDetailsManagerConfigurer : Global AuthenticationManager configured with UserDetailsService bean with name userDetailsService
2026-07-09T08:31:21.739-05:00  INFO 11832 --- [           main] o.s.b.w.a.WelcomePageHandlerMapping      : Adding welcome page template: index
2026-07-09T08:31:21.980-05:00  INFO 11832 --- [           main] o.s.boot.tomcat.TomcatWebServer          : Tomcat started on port 8081 (http) with context path '/'
2026-07-09T08:31:21.988-05:00  INFO 11832 --- [           main] c.e.kronos.KronosApplication             : Started KronosApplication in 7.624 seconds (process running for 7.928)
