[INFO] Scanning for projects...
[INFO] 
[INFO] --------------------< com.etapa_productiva:kronos >---------------------
[INFO] Building kronos 0.0.1-SNAPSHOT
[INFO]   from pom.xml
[INFO] --------------------------------[ jar ]---------------------------------
[INFO] 
[INFO] >>> spring-boot:4.1.0:run (default-cli) > test-compile @ kronos >>>
[INFO] 
[INFO] --- resources:3.5.0:resources (default-resources) @ kronos ---
[INFO] Copying 1 resource from src\main\resources to target\classes
[INFO] Copying 42 resources from src\main\resources to target\classes
[INFO] 
[INFO] --- compiler:3.15.0:compile (default-compile) @ kronos ---
[INFO] Nothing to compile - all classes are up to date.
[INFO] 
[INFO] --- resources:3.5.0:testResources (default-testResources) @ kronos ---
[INFO] skip non existing resourceDirectory C:\Users\diego\OneDrive\Desktop\Proyecto kronos\KRONOS\kronos\src\test\resources
[INFO] 
[INFO] --- compiler:3.15.0:testCompile (default-testCompile) @ kronos ---
[INFO] Nothing to compile - all classes are up to date.
[INFO] 
[INFO] <<< spring-boot:4.1.0:run (default-cli) < test-compile @ kronos <<<
[INFO] 
[INFO] 
[INFO] --- spring-boot:4.1.0:run (default-cli) @ kronos ---
[INFO] Attaching agents: []

  .   ____          _            __ _ _
 /\\ / ___'_ __ _ _(_)_ __  __ _ \ \ \ \
( ( )\___ | '_ | '_| | '_ \/ _` | \ \ \ \
 \\/  ___)| |_)| | | | | || (_| |  ) ) ) )
  '  |____| .__|_| |_|_| |_\__, | / / / /
 =========|_|==============|___/=/_/_/_/

 :: Spring Boot ::                (v4.1.0)

2026-07-06T21:09:02.281-05:00  INFO 9720 --- [           main] c.e.kronos.KronosApplication             : Starting KronosApplication using Java 25.0.1 with PID 9720 (C:\Users\diego\OneDrive\Desktop\Proyecto kronos\KRONOS\kronos\target\classes started by diego in C:\Users\diego\OneDrive\Desktop\Proyecto kronos\KRONOS\kronos)
2026-07-06T21:09:02.284-05:00  INFO 9720 --- [           main] c.e.kronos.KronosApplication             : No active profile set, falling back to 1 default profile: "default"
2026-07-06T21:09:03.306-05:00  INFO 9720 --- [           main] .s.d.r.c.RepositoryConfigurationDelegate : Bootstrapping Spring Data JPA repositories in DEFAULT mode.
2026-07-06T21:09:03.549-05:00  INFO 9720 --- [           main] .s.d.r.c.RepositoryConfigurationDelegate : Finished Spring Data repository scanning in 234 ms. Found 39 JPA repository interfaces.
2026-07-06T21:09:04.499-05:00  INFO 9720 --- [           main] o.s.boot.tomcat.TomcatWebServer          : Tomcat initialized with port 8081 (http)
2026-07-06T21:09:04.519-05:00  INFO 9720 --- [           main] o.apache.catalina.core.StandardService   : Starting service [Tomcat]
2026-07-06T21:09:04.519-05:00  INFO 9720 --- [           main] o.apache.catalina.core.StandardEngine    : Starting Servlet engine: [Apache Tomcat/11.0.22]
2026-07-06T21:09:04.605-05:00  INFO 9720 --- [           main] b.w.c.s.WebApplicationContextInitializer : Root WebApplicationContext: initialization completed in 2272 ms
2026-07-06T21:09:05.073-05:00  INFO 9720 --- [           main] org.hibernate.orm.jpa                    : HHH008540: Processing PersistenceUnitInfo [name: default]
2026-07-06T21:09:05.240-05:00  INFO 9720 --- [           main] org.hibernate.orm.core                   : HHH000001: Hibernate ORM core version 7.4.1.Final
2026-07-06T21:09:05.743-05:00  INFO 9720 --- [           main] o.s.o.j.p.SpringPersistenceUnitInfo      : No LoadTimeWeaver setup: ignoring JPA class transformer
2026-07-06T21:09:05.796-05:00  INFO 9720 --- [           main] com.zaxxer.hikari.HikariDataSource       : HikariPool-1 - Starting...
2026-07-06T21:09:06.265-05:00  INFO 9720 --- [           main] com.zaxxer.hikari.pool.HikariPool        : HikariPool-1 - Added connection oracle.jdbc.driver.T4CConnection@5ee581db
2026-07-06T21:09:06.267-05:00  INFO 9720 --- [           main] com.zaxxer.hikari.HikariDataSource       : HikariPool-1 - Start completed.
2026-07-06T21:09:06.608-05:00  WARN 9720 --- [           main] org.hibernate.orm.jdbc                   : HHH100123: Low default JDBC fetch size: 10 (consider setting 'hibernate.jdbc.fetch_size')
2026-07-06T21:09:06.618-05:00  INFO 9720 --- [           main] org.hibernate.orm.connections.pooling    : HHH10001005: Database info:
	Database JDBC URL [jdbc:oracle:thin:@//192.168.1.3:1521/XEPDB1]
	Database driver: Oracle JDBC driver
	Database dialect: OracleDialect
	Database version: 21.3
	Default catalog/schema: undefined/KRONOS_DEV
	Autocommit mode: undefined/unknown
	Isolation level: READ_COMMITTED [default READ_COMMITTED]
	JDBC fetch size: 10
	Pool: DataSourceConnectionProvider
	Minimum pool size: undefined/unknown
	Maximum pool size: undefined/unknown
2026-07-06T21:09:08.762-05:00  INFO 9720 --- [           main] org.hibernate.orm.core                   : HHH000489: No JTA platform available (set 'hibernate.transaction.jta.platform' to enable JTA platform integration)
2026-07-06T21:09:11.534-05:00  INFO 9720 --- [           main] j.LocalContainerEntityManagerFactoryBean : Initialized JPA EntityManagerFactory for persistence unit 'default'
2026-07-06T21:09:11.633-05:00  INFO 9720 --- [           main] o.s.d.j.r.query.QueryEnhancerFactories   : Hibernate is in classpath; If applicable, HQL parser will be used.
2026-07-06T21:09:13.989-05:00  WARN 9720 --- [           main] JpaBaseConfiguration$JpaWebConfiguration : spring.jpa.open-in-view is enabled by default. Therefore, database queries may be performed during view rendering. Explicitly configure spring.jpa.open-in-view to disable this warning
2026-07-06T21:09:14.088-05:00  INFO 9720 --- [           main] r$InitializeUserDetailsManagerConfigurer : Global AuthenticationManager configured with UserDetailsService bean with name userDetailsService
2026-07-06T21:09:14.301-05:00  INFO 9720 --- [           main] o.s.b.w.a.WelcomePageHandlerMapping      : Adding welcome page template: index
2026-07-06T21:09:14.700-05:00  INFO 9720 --- [           main] o.s.boot.tomcat.TomcatWebServer          : Tomcat started on port 8081 (http) with context path '/'
2026-07-06T21:09:14.728-05:00  INFO 9720 --- [           main] c.e.kronos.KronosApplication             : Started KronosApplication in 12.939 seconds (process running for 13.607)
2026-07-06T21:09:29.980-05:00  INFO 9720 --- [nio-8081-exec-1] o.a.c.c.C.[Tomcat].[localhost].[/]       : Initializing Spring DispatcherServlet 'dispatcherServlet'
2026-07-06T21:09:29.981-05:00  INFO 9720 --- [nio-8081-exec-1] o.s.web.servlet.DispatcherServlet        : Initializing Servlet 'dispatcherServlet'
2026-07-06T21:09:29.982-05:00  INFO 9720 --- [nio-8081-exec-1] o.s.web.servlet.DispatcherServlet        : Completed initialization in 1 ms
? [CONTROLLER] Petición recibida de: aprendiz.prueba@sena.edu.co
????? [SERVICE] Procesando login para: aprendiz.prueba@sena.edu.co
????? [SERVICE] Roles detectados en Oracle: [APRENDIZ]
? [CONTROLLER] Autenticación Exitosa. Redireccionando al index...
? [INDEX] Renderizando el panel principal (index) para: Aprendiz
? [CONTROLLER] Petición recibida de: test.radicar@sena.edu.co
????? [SERVICE] Procesando login para: test.radicar@sena.edu.co
????? [SERVICE] Roles detectados en Oracle: [APRENDIZ]
? [CONTROLLER] Autenticación Exitosa. Redireccionando al index...
? [INDEX] Renderizando el panel principal (index) para: Test
? [CONTROLLER] Petición recibida de: aprendiz.prueba@sena.edu.co
????? [SERVICE] Procesando login para: aprendiz.prueba@sena.edu.co
????? [SERVICE] Roles detectados en Oracle: [APRENDIZ]
? [CONTROLLER] Autenticación Exitosa. Redireccionando al index...
? [INDEX] Renderizando el panel principal (index) para: Aprendiz
? [CONTROLLER] Petición recibida de: darwin@sena.edu.co
????? [SERVICE] Procesando login para: darwin@sena.edu.co
????? [SERVICE] Roles detectados en Oracle: [APRENDIZ]
? [CONTROLLER] Autenticación Exitosa. Redireccionando al index...
? [INDEX] Renderizando el panel principal (index) para: Darwin
? [CONTROLLER] Petición recibida de: camila.aprendiz@sena.edu.co
????? [SERVICE] Procesando login para: camila.aprendiz@sena.edu.co
????? [SERVICE] Roles detectados en Oracle: [APRENDIZ]
? [CONTROLLER] Autenticación Exitosa. Redireccionando al index...
? [INDEX] Renderizando el panel principal (index) para: Camila
