[INFO] Scanning for projects...
[INFO] 
[INFO] --------------------< com.etapa_productiva:kronos >---------------------
[INFO] Building kronos 0.0.1-SNAPSHOT
[INFO]   from pom.xml
[INFO] --------------------------------[ jar ]---------------------------------
[INFO] 
[INFO] >>> spring-boot:4.1.0:run (default-cli) > test-compile @ kronos >>>
[INFO] 
[INFO] --- resources:3.5.0:resources (default-resources) @ kronos ---
[INFO] Copying 1 resource from src\main\resources to target\classes
[INFO] Copying 13 resources from src\main\resources to target\classes
[INFO] 
[INFO] --- compiler:3.15.0:compile (default-compile) @ kronos ---
[INFO] Nothing to compile - all classes are up to date.
[INFO] 
[INFO] --- resources:3.5.0:testResources (default-testResources) @ kronos ---
[INFO] skip non existing resourceDirectory C:\Users\Angela Maria O\Downloads\KRONOS_APP\KRONOS_APP\kronos\src\test\resources
[INFO] 
[INFO] --- compiler:3.15.0:testCompile (default-testCompile) @ kronos ---
[INFO] Nothing to compile - all classes are up to date.
[INFO] 
[INFO] <<< spring-boot:4.1.0:run (default-cli) < test-compile @ kronos <<<
[INFO] 
[INFO] 
[INFO] --- spring-boot:4.1.0:run (default-cli) @ kronos ---
[INFO] Attaching agents: []

  .   ____          _            __ _ _
 /\\ / ___'_ __ _ _(_)_ __  __ _ \ \ \ \
( ( )\___ | '_ | '_| | '_ \/ _` | \ \ \ \
 \\/  ___)| |_)| | | | | || (_| |  ) ) ) )
  '  |____| .__|_| |_|_| |_\__, | / / / /
 =========|_|==============|___/=/_/_/_/

 :: Spring Boot ::                (v4.1.0)

2026-07-02T12:45:53.932-05:00  INFO 7024 --- [           main] c.e.kronos.KronosApplication             : Starting KronosApplication using Java 25.0.1 with PID 7024 (C:\Users\Angela Maria O\Downloads\KRONOS_APP\KRONOS_APP\kronos\target\classes started by Angela Maria O in C:\Users\Angela Maria O\Downloads\KRONOS_APP\KRONOS_APP\kronos)
2026-07-02T12:45:53.968-05:00  INFO 7024 --- [           main] c.e.kronos.KronosApplication             : No active profile set, falling back to 1 default profile: "default"
2026-07-02T12:45:55.503-05:00  INFO 7024 --- [           main] .s.d.r.c.RepositoryConfigurationDelegate : Bootstrapping Spring Data JPA repositories in DEFAULT mode.
2026-07-02T12:45:55.863-05:00  INFO 7024 --- [           main] .s.d.r.c.RepositoryConfigurationDelegate : Finished Spring Data repository scanning in 314 ms. Found 36 JPA repository interfaces.
2026-07-02T12:45:56.960-05:00  INFO 7024 --- [           main] o.s.boot.tomcat.TomcatWebServer          : Tomcat initialized with port 8081 (http)
2026-07-02T12:45:57.016-05:00  INFO 7024 --- [           main] o.apache.catalina.core.StandardService   : Starting service [Tomcat]
2026-07-02T12:45:57.017-05:00  INFO 7024 --- [           main] o.apache.catalina.core.StandardEngine    : Starting Servlet engine: [Apache Tomcat/11.0.22]
2026-07-02T12:45:57.137-05:00  INFO 7024 --- [           main] b.w.c.s.WebApplicationContextInitializer : Root WebApplicationContext: initialization completed in 3077 ms
2026-07-02T12:45:57.671-05:00  INFO 7024 --- [           main] org.hibernate.orm.jpa                    : HHH008540: Processing PersistenceUnitInfo [name: default]
2026-07-02T12:45:57.804-05:00  INFO 7024 --- [           main] org.hibernate.orm.core                   : HHH000001: Hibernate ORM core version 7.4.1.Final
2026-07-02T12:45:58.607-05:00  INFO 7024 --- [           main] o.s.o.j.p.SpringPersistenceUnitInfo      : No LoadTimeWeaver setup: ignoring JPA class transformer
2026-07-02T12:45:58.701-05:00  INFO 7024 --- [           main] com.zaxxer.hikari.HikariDataSource       : HikariPool-1 - Starting...
2026-07-02T12:45:59.313-05:00  INFO 7024 --- [           main] com.zaxxer.hikari.pool.HikariPool        : HikariPool-1 - Added connection oracle.jdbc.driver.T4CConnection@7853363c
2026-07-02T12:45:59.317-05:00  INFO 7024 --- [           main] com.zaxxer.hikari.HikariDataSource       : HikariPool-1 - Start completed.
2026-07-02T12:45:59.794-05:00  WARN 7024 --- [           main] org.hibernate.orm.jdbc                   : HHH100123: Low default JDBC fetch size: 10 (consider setting 'hibernate.jdbc.fetch_size')
2026-07-02T12:45:59.808-05:00  INFO 7024 --- [           main] org.hibernate.orm.connections.pooling    : HHH10001005: Database info:
	Database JDBC URL [jdbc:oracle:thin:@//localhost:1521/XEPDB1]
	Database driver: Oracle JDBC driver
	Database dialect: OracleDialect
	Database version: 21.3
	Default catalog/schema: undefined/KRONOS_DEV
	Autocommit mode: undefined/unknown
	Isolation level: READ_COMMITTED [default READ_COMMITTED]
	JDBC fetch size: 10
	Pool: DataSourceConnectionProvider
	Minimum pool size: undefined/unknown
	Maximum pool size: undefined/unknown
2026-07-02T12:46:02.742-05:00  INFO 7024 --- [           main] org.hibernate.orm.core                   : HHH000489: No JTA platform available (set 'hibernate.transaction.jta.platform' to enable JTA platform integration)
2026-07-02T12:46:05.106-05:00  INFO 7024 --- [           main] j.LocalContainerEntityManagerFactoryBean : Initialized JPA EntityManagerFactory for persistence unit 'default'
2026-07-02T12:46:05.274-05:00  INFO 7024 --- [           main] o.s.d.j.r.query.QueryEnhancerFactories   : Hibernate is in classpath; If applicable, HQL parser will be used.
2026-07-02T12:46:07.180-05:00  WARN 7024 --- [           main] JpaBaseConfiguration$JpaWebConfiguration : spring.jpa.open-in-view is enabled by default. Therefore, database queries may be performed during view rendering. Explicitly configure spring.jpa.open-in-view to disable this warning
2026-07-02T12:46:07.353-05:00  INFO 7024 --- [           main] r$InitializeUserDetailsManagerConfigurer : Global AuthenticationManager configured with UserDetailsService bean with name userDetailsService
2026-07-02T12:46:07.720-05:00  INFO 7024 --- [           main] o.s.b.w.a.WelcomePageHandlerMapping      : Adding welcome page template: index
2026-07-02T12:46:08.385-05:00  INFO 7024 --- [           main] o.s.boot.tomcat.TomcatWebServer          : Tomcat started on port 8081 (http) with context path '/'
2026-07-02T12:46:08.426-05:00  INFO 7024 --- [           main] c.e.kronos.KronosApplication             : Started KronosApplication in 15.352 seconds (process running for 16.106)
2026-07-02T12:46:17.424-05:00  INFO 7024 --- [nio-8081-exec-1] o.a.c.c.C.[Tomcat].[localhost].[/]       : Initializing Spring DispatcherServlet 'dispatcherServlet'
2026-07-02T12:46:17.455-05:00  INFO 7024 --- [nio-8081-exec-1] o.s.web.servlet.DispatcherServlet        : Initializing Servlet 'dispatcherServlet'
2026-07-02T12:46:17.458-05:00  INFO 7024 --- [nio-8081-exec-1] o.s.web.servlet.DispatcherServlet        : Completed initialization in 2 ms
? [INDEX] Intento de acceso sin login. Redirigiendo a Login...
? [CONTROLLER] Petici鏮 recibida de: sofia.aprendiz@sena.edu.co
????? [SERVICE] Procesando login para: sofia.aprendiz@sena.edu.co
????? [SERVICE] Roles detectados en Oracle: [APRENDIZ]
? [CONTROLLER] Autenticaci鏮 Exitosa. Redireccionando al index...
? [INDEX] Renderizando el panel principal (index) para: Sofia
? [INDEX] Renderizando el panel principal (index) para: Sofia
? [INDEX] Renderizando el panel principal (index) para: Sofia
2026-07-02T13:33:59.000-05:00  WARN 7024 --- [l-1:housekeeper] com.zaxxer.hikari.pool.HikariPool        : HikariPool-1 - Thread starvation or clock leap detected (housekeeper delta=37m59s449ms978繕s).
2026-07-02T14:39:27.762-05:00  WARN 7024 --- [l-1:housekeeper] com.zaxxer.hikari.pool.HikariPool        : HikariPool-1 - Thread starvation or clock leap detected (housekeeper delta=1h5m28s761ms903繕s500ns).
2026-07-02T14:53:07.893-05:00  WARN 7024 --- [l-1:housekeeper] com.zaxxer.hikari.pool.HikariPool        : HikariPool-1 - Thread starvation or clock leap detected (housekeeper delta=3m10s83ms45繕s600ns).
2026-07-02T15:01:23.173-05:00  WARN 7024 --- [l-1:housekeeper] com.zaxxer.hikari.pool.HikariPool        : HikariPool-1 - Thread starvation or clock leap detected (housekeeper delta=4m45s270ms933繕s600ns).
? [CONTROLLER] Petici鏮 recibida de: sofia.aprendiz@sena.edu.co
????? [SERVICE] Procesando login para: sofia.aprendiz@sena.edu.co
????? [SERVICE] Roles detectados en Oracle: [APRENDIZ]
? [CONTROLLER] Autenticaci鏮 Exitosa. Redireccionando al index...
? [INDEX] Renderizando el panel principal (index) para: Sofia
? [INDEX] Renderizando el panel principal (index) para: Sofia
? [INDEX] Renderizando el panel principal (index) para: Sofia
? [CONTROLLER] Petici鏮 recibida de: gustavo.gestor@sena.edu.co
????? [SERVICE] Procesando login para: gustavo.gestor@sena.edu.co
????? [SERVICE] Roles detectados en Oracle: [GESTOR_ETAPA]
? [CONTROLLER] Autenticaci鏮 Exitosa. Redireccionando al index...
? [INDEX] Renderizando el panel principal (index) para: Gustavo
? [CONTROLLER] Petici鏮 recibida de: sofia.aprendiz@sena.edu.co
????? [SERVICE] Procesando login para: sofia.aprendiz@sena.edu.co
????? [SERVICE] Roles detectados en Oracle: [APRENDIZ]
? [CONTROLLER] Autenticaci鏮 Exitosa. Redireccionando al index...
? [INDEX] Renderizando el panel principal (index) para: Sofia
2026-07-02T15:41:02.157-05:00  WARN 7024 --- [l-1:housekeeper] com.zaxxer.hikari.pool.HikariPool        : HikariPool-1 - Thread starvation or clock leap detected (housekeeper delta=11m8s901ms865繕s700ns).
2026-07-02T15:45:46.329-05:00  WARN 7024 --- [l-1:housekeeper] com.zaxxer.hikari.pool.HikariPool        : HikariPool-1 - Thread starvation or clock leap detected (housekeeper delta=1m14s134ms673繕s700ns).
? [CONTROLLER] Petici鏮 recibida de: gustavo.gestor@sena.edu.co
????? [SERVICE] Procesando login para: gustavo.gestor@sena.edu.co
????? [SERVICE] Roles detectados en Oracle: [GESTOR_ETAPA]
? [CONTROLLER] Autenticaci鏮 Exitosa. Redireccionando al index...
? [INDEX] Renderizando el panel principal (index) para: Gustavo
? [CONTROLLER] Petici鏮 recibida de: gustavo.gestor@sena.edu.co
????? [SERVICE] Procesando login para: gustavo.gestor@sena.edu.co
????? [SERVICE] Roles detectados en Oracle: [GESTOR_ETAPA]
? [CONTROLLER] Autenticaci鏮 Exitosa. Redireccionando al index...
? [INDEX] Renderizando el panel principal (index) para: Gustavo
2026-07-02T16:07:33.733-05:00  WARN 7024 --- [l-1:housekeeper] com.zaxxer.hikari.pool.HikariPool        : HikariPool-1 - Thread starvation or clock leap detected (housekeeper delta=5m47s348ms310繕s700ns).
